{"numTotalTestSuites":43,"numPassedTestSuites":43,"numFailedTestSuites":0,"numPendingTestSuites":0,"numTotalTests":106,"numPassedTests":104,"numFailedTests":0,"numPendingTests":2,"numTodoTests":0,"snapshot":{"added":0,"failure":false,"filesAdded":0,"filesRemoved":0,"filesRemovedList":[],"filesUnmatched":0,"filesUpdated":0,"matched":0,"total":0,"unchecked":0,"uncheckedKeysByFile":[],"unmatched":0,"updated":0,"didUpdate":false},"startTime":1784398302785,"success":true,"testResults":[{"assertionResults":[{"ancestorTitles":["Tailwind v4 production CSS pipeline (run through npm run test:css-pipeline)"],"fullName":"Tailwind v4 production CSS pipeline (run through npm run test:css-pipeline) serves nontrivial generated utility CSS bound to real-browser evidence","status":"skipped","title":"serves nontrivial generated utility CSS bound to real-browser evidence","failureMessages":[],"meta":{},"tags":[]},{"ancestorTitles":["Tailwind v4 production CSS pipeline (run through npm run test:css-pipeline)"],"fullName":"Tailwind v4 production CSS pipeline (run through npm run test:css-pipeline) computes restored landing and job-card styles from the served bundle","status":"skipped","title":"computes restored landing and job-card styles from the served bundle","failureMessages":[],"meta":{},"tags":[]}],"startTime":1784398302785,"endTime":1784398302785,"status":"passed","message":"","name":"C:/Users/Jewon/Desktop/JobPilot-BuildWeek-Submission/tests/visual/css-pipeline.spec.ts"},{"assertionResults":[{"ancestorTitles":["JP-BW9 claim integrity release gate"],"fullName":"JP-BW9 claim integrity release gate binds every public coverage claim to one immutable canonical snapshot","status":"passed","title":"binds every public coverage claim to one immutable canonical snapshot","duration":12.105399999999918,"failureMessages":[],"meta":{},"tags":[]},{"ancestorTitles":["JP-BW9 claim integrity release gate"],"fullName":"JP-BW9 claim integrity release gate keeps unique-job totals, exact market memberships, and JP-41 lineage distinct","status":"passed","title":"keeps unique-job totals, exact market memberships, and JP-41 lineage distinct","duration":4.351700000000164,"failureMessages":[],"meta":{},"tags":[]},{"ancestorTitles":["JP-BW9 claim integrity release gate"],"fullName":"JP-BW9 claim integrity release gate renders all five employer destination trust states without an unverified Apply CTA","status":"passed","title":"renders all five employer destination trust states without an unverified Apply CTA","duration":1.6615999999999076,"failureMessages":[],"meta":{},"tags":[]},{"ancestorTitles":["JP-BW9 claim integrity release gate"],"fullName":"JP-BW9 claim integrity release gate keeps the shortlist rationale to four visible labels with the complete policy disclosed separately","status":"passed","title":"keeps the shortlist rationale to four visible labels with the complete policy disclosed separately","duration":3.6156999999998334,"failureMessages":[],"meta":{},"tags":[]},{"ancestorTitles":["JP-BW9 claim integrity release gate"],"fullName":"JP-BW9 claim integrity release gate uses one exact prepared GPT-5.6 model identity with reproducible artifacts and zero live usage","status":"passed","title":"uses one exact prepared GPT-5.6 model identity with reproducible artifacts and zero live usage","duration":6.347099999999955,"failureMessages":[],"meta":{},"tags":[]},{"ancestorTitles":["JP-BW9 claim integrity release gate"],"fullName":"JP-BW9 claim integrity release gate publishes an honest not-yet-run human-study state with no fabricated result","status":"passed","title":"publishes an honest not-yet-run human-study state with no fabricated result","duration":1.1895999999997002,"failureMessages":[],"meta":{},"tags":[]}],"startTime":1784398306873,"endTime":1784398306902.1897,"status":"passed","message":"","name":"C:/Users/Jewon/Desktop/JobPilot-BuildWeek-Submission/src/server/build-week/claim-integrity-bw9.test.ts"},{"assertionResults":[{"ancestorTitles":["comparison and direct-employer safety contract"],"fullName":"comparison and direct-employer safety contract enforces a persistent three-role comparison limit","status":"passed","title":"enforces a persistent three-role comparison limit","duration":2.2800999999999476,"failureMessages":[],"meta":{},"tags":[]},{"ancestorTitles":["comparison and direct-employer safety contract"],"fullName":"comparison and direct-employer safety contract compares only visible factors and creates no aggregate score","status":"passed","title":"compares only visible factors and creates no aggregate score","duration":1.4735000000000582,"failureMessages":[],"meta":{},"tags":[]},{"ancestorTitles":["comparison and direct-employer safety contract"],"fullName":"comparison and direct-employer safety contract opens a safe synthetic employer destination in a new tab","status":"passed","title":"opens a safe synthetic employer destination in a new tab","duration":2.11850000000004,"failureMessages":[],"meta":{},"tags":[]},{"ancestorTitles":["comparison and direct-employer safety contract"],"fullName":"comparison and direct-employer safety contract reserves the Apply CTA for verified destinations","status":"passed","title":"reserves the Apply CTA for verified destinations","duration":0.9999000000002525,"failureMessages":[],"meta":{},"tags":[]},{"ancestorTitles":["comparison and direct-employer safety contract"],"fullName":"comparison and direct-employer safety contract never provides a form, submission, or automatic Applied transition","status":"passed","title":"never provides a form, submission, or automatic Applied transition","duration":0.6090000000003783,"failureMessages":[],"meta":{},"tags":[]}],"startTime":1784398306877,"endTime":1784398306884.609,"status":"passed","message":"","name":"C:/Users/Jewon/Desktop/JobPilot-BuildWeek-Submission/src/server/build-week/comparison-and-apply.test.ts"},{"assertionResults":[{"ancestorTitles":["JP-BW8 decision utility study harness"],"fullName":"JP-BW8 decision utility study harness supports both randomized A/B condition orders","status":"passed","title":"supports both randomized A/B condition orders","duration":2.4803000000001703,"failureMessages":[],"meta":{},"tags":[]},{"ancestorTitles":["JP-BW8 decision utility study harness"],"fullName":"JP-BW8 decision utility study harness creates and validates an anonymous local-only session","status":"passed","title":"creates and validates an anonymous local-only session","duration":1.163000000000011,"failureMessages":[],"meta":{},"tags":[]},{"ancestorTitles":["JP-BW8 decision utility study harness"],"fullName":"JP-BW8 decision utility study harness exports only the frozen no-PII schema","status":"passed","title":"exports only the frozen no-PII schema","duration":1.2328999999999724,"failureMessages":[],"meta":{},"tags":[]},{"ancestorTitles":["JP-BW8 decision utility study harness"],"fullName":"JP-BW8 decision utility study harness uses browser-local persistence with no network submission path","status":"passed","title":"uses browser-local persistence with no network submission path","duration":1.1148000000002867,"failureMessages":[],"meta":{},"tags":[]},{"ancestorTitles":["JP-BW8 decision utility study harness"],"fullName":"JP-BW8 decision utility study harness keeps the frozen study kit at zero human participants","status":"passed","title":"keeps the frozen study kit at zero human participants","duration":1.4741999999996551,"failureMessages":[],"meta":{},"tags":[]}],"startTime":1784398306912,"endTime":1784398306919.474,"status":"passed","message":"","name":"C:/Users/Jewon/Desktop/JobPilot-BuildWeek-Submission/src/server/build-week/decision-study-bw8.test.ts"},{"assertionResults":[{"ancestorTitles":["nearby discovery contract"],"fullName":"nearby discovery contract calculates deterministic Haversine distance and the nearest physical location","status":"passed","title":"calculates deterministic Haversine distance and the nearest physical location","duration":1.8485999999998057,"failureMessages":[],"meta":{},"tags":[]},{"ancestorTitles":["nearby discovery contract"],"fullName":"nearby discovery contract labels remote-only roles without inventing a distance","status":"passed","title":"labels remote-only roles without inventing a distance","duration":14.194600000000264,"failureMessages":[],"meta":{},"tags":[]},{"ancestorTitles":["nearby discovery contract"],"fullName":"nearby discovery contract keeps location outside the deterministic technical score","status":"passed","title":"keeps location outside the deterministic technical score","duration":2.1279999999997017,"failureMessages":[],"meta":{},"tags":[]},{"ancestorTitles":["nearby discovery contract"],"fullName":"nearby discovery contract produces exact stable orders for every visible sort","status":"passed","title":"produces exact stable orders for every visible sort","duration":3.099499999999807,"failureMessages":[],"meta":{},"tags":[]},{"ancestorTitles":["nearby discovery contract"],"fullName":"nearby discovery contract applies each visible filter without changing row evidence","status":"passed","title":"applies each visible filter without changing row evidence","duration":4.521600000000035,"failureMessages":[],"meta":{},"tags":[]}],"startTime":1784398306824,"endTime":1784398306850.5215,"status":"passed","message":"","name":"C:/Users/Jewon/Desktop/JobPilot-BuildWeek-Submission/src/server/build-week/discovery.test.ts"},{"assertionResults":[{"ancestorTitles":["JP-BW8 impact and differentiation story"],"fullName":"JP-BW8 impact and differentiation story centers the product on the five-stage decision loop","status":"passed","title":"centers the product on the five-stage decision loop","duration":5.295400000000427,"failureMessages":[],"meta":{},"tags":[]},{"ancestorTitles":["JP-BW8 impact and differentiation story"],"fullName":"JP-BW8 impact and differentiation story publishes exactly five complete Codex repair moments","status":"passed","title":"publishes exactly five complete Codex repair moments","duration":1.6124999999997272,"failureMessages":[],"meta":{},"tags":[]},{"ancestorTitles":["JP-BW8 impact and differentiation story"],"fullName":"JP-BW8 impact and differentiation story uses neutral bounded comparison language","status":"passed","title":"uses neutral bounded comparison language","duration":2.455699999999979,"failureMessages":[],"meta":{},"tags":[]}],"startTime":1784398306930,"endTime":1784398306939.4558,"status":"passed","message":"","name":"C:/Users/Jewon/Desktop/JobPilot-BuildWeek-Submission/src/server/build-week/impact-story-bw8.test.ts"},{"assertionResults":[{"ancestorTitles":["JP-BW9 human impact importer and calculations"],"fullName":"JP-BW9 human impact importer and calculations reports READY_NOT_RUN with no invented metrics at n=0","status":"passed","title":"reports READY_NOT_RUN with no invented metrics at n=0","duration":2.571600000000217,"failureMessages":[],"meta":{},"tags":[]},{"ancestorTitles":["JP-BW9 human impact importer and calculations"],"fullName":"JP-BW9 human impact importer and calculations withholds metrics publicly while collection is below the five-person minimum","status":"passed","title":"withholds metrics publicly while collection is below the five-person minimum","duration":1.118000000000393,"failureMessages":[],"meta":{},"tags":[]},{"ancestorTitles":["JP-BW9 human impact importer and calculations"],"fullName":"JP-BW9 human impact importer and calculations calculates the frozen n=5 paired fixture and deterministic bootstrap intervals","status":"passed","title":"calculates the frozen n=5 paired fixture and deterministic bootstrap intervals","duration":15.548699999999826,"failureMessages":[],"meta":{},"tags":[]},{"ancestorTitles":["JP-BW9 human impact importer and calculations"],"fullName":"JP-BW9 human impact importer and calculations accepts repeated export headers but rejects duplicate and incomplete sessions","status":"passed","title":"accepts repeated export headers but rejects duplicate and incomplete sessions","duration":1.8679000000001906,"failureMessages":[],"meta":{},"tags":[]},{"ancestorTitles":["JP-BW9 human impact importer and calculations"],"fullName":"JP-BW9 human impact importer and calculations rejects prohibited identifying columns and malformed rows","status":"passed","title":"rejects prohibited identifying columns and malformed rows","duration":0.4720999999999549,"failureMessages":[],"meta":{},"tags":[]}],"startTime":1784398306876,"endTime":1784398306897.4722,"status":"passed","message":"","name":"C:/Users/Jewon/Desktop/JobPilot-BuildWeek-Submission/src/server/build-week/impact-study-bw9.test.ts"},{"assertionResults":[{"ancestorTitles":["90-second judge tour contract"],"fullName":"90-second judge tour contract contains the exact seven-stage decision journey and explicit completion proof","status":"passed","title":"contains the exact seven-stage decision journey and explicit completion proof","duration":2.3075000000003456,"failureMessages":[],"meta":{},"tags":[]},{"ancestorTitles":["90-second judge tour contract"],"fullName":"90-second judge tour contract matches the public judge-tour contract artifact","status":"passed","title":"matches the public judge-tour contract artifact","duration":1.9380999999998494,"failureMessages":[],"meta":{},"tags":[]}],"startTime":1784398306928,"endTime":1784398306932.938,"status":"passed","message":"","name":"C:/Users/Jewon/Desktop/JobPilot-BuildWeek-Submission/src/server/build-week/judge-tour.test.ts"},{"assertionResults":[{"ancestorTitles":["JP-BW8 prepared GPT review provenance"],"fullName":"JP-BW8 prepared GPT review provenance surfaces all four prepared artifact types with verified provenance","status":"passed","title":"surfaces all four prepared artifact types with verified provenance","duration":1.9648999999999432,"failureMessages":[],"meta":{},"tags":[]},{"ancestorTitles":["JP-BW8 prepared GPT review provenance"],"fullName":"JP-BW8 prepared GPT review provenance binds each artifact to its file, input, output, and valid evidence IDs","status":"passed","title":"binds each artifact to its file, input, output, and valid evidence IDs","duration":2.5263999999997395,"failureMessages":[],"meta":{},"tags":[]},{"ancestorTitles":["JP-BW8 prepared GPT review provenance"],"fullName":"JP-BW8 prepared GPT review provenance matches the committed public proof artifact and required zero values","status":"passed","title":"matches the committed public proof artifact and required zero values","duration":0.6671000000001186,"failureMessages":[],"meta":{},"tags":[]}],"startTime":1784398306979,"endTime":1784398306984.667,"status":"passed","message":"","name":"C:/Users/Jewon/Desktop/JobPilot-BuildWeek-Submission/src/server/build-week/prepared-provenance-bw8.test.ts"},{"assertionResults":[{"ancestorTitles":["zero-API GPT-5.6 prepared-review provenance"],"fullName":"zero-API GPT-5.6 prepared-review provenance binds every indexed file and structured output to its declared hash","status":"passed","title":"binds every indexed file and structured output to its declared hash","duration":13.220900000000256,"failureMessages":[],"meta":{},"tags":[]},{"ancestorTitles":["zero-API GPT-5.6 prepared-review provenance"],"fullName":"zero-API GPT-5.6 prepared-review provenance records the verified Codex surface with zero API calls, cost, score generation, or stored reasoning","status":"passed","title":"records the verified Codex surface with zero API calls, cost, score generation, or stored reasoning","duration":1.2429999999999382,"failureMessages":[],"meta":{},"tags":[]},{"ancestorTitles":["zero-API GPT-5.6 prepared-review provenance"],"fullName":"zero-API GPT-5.6 prepared-review provenance uses only frozen job and candidate evidence IDs and reports no fabricated claims","status":"passed","title":"uses only frozen job and candidate evidence IDs and reports no fabricated claims","duration":2.1131000000000313,"failureMessages":[],"meta":{},"tags":[]}],"startTime":1784398306973,"endTime":1784398306989.113,"status":"passed","message":"","name":"C:/Users/Jewon/Desktop/JobPilot-BuildWeek-Submission/src/server/build-week/prepared-reviews.test.ts"},{"assertionResults":[{"ancestorTitles":["JP-BW7 product UX contract"],"fullName":"JP-BW7 product UX contract keeps the landing decision user-centered and exact","status":"passed","title":"keeps the landing decision user-centered and exact","duration":1.5919000000003507,"failureMessages":[],"meta":{},"tags":[]},{"ancestorTitles":["JP-BW7 product UX contract"],"fullName":"JP-BW7 product UX contract provides the required navigation and profile controls","status":"passed","title":"provides the required navigation and profile controls","duration":0.6867999999994936,"failureMessages":[],"meta":{},"tags":[]},{"ancestorTitles":["JP-BW7 product UX contract"],"fullName":"JP-BW7 product UX contract progressively discloses evidence, strategy, and the technical receipt","status":"passed","title":"progressively discloses evidence, strategy, and the technical receipt","duration":1.0595000000002983,"failureMessages":[],"meta":{},"tags":[]},{"ancestorTitles":["JP-BW7 product UX contract"],"fullName":"JP-BW7 product UX contract keeps practical preferences separate from technical fit","status":"passed","title":"keeps practical preferences separate from technical fit","duration":0.3851999999997133,"failureMessages":[],"meta":{},"tags":[]},{"ancestorTitles":["JP-BW7 product UX contract"],"fullName":"JP-BW7 product UX contract exposes full profile review and explicit local clearing","status":"passed","title":"exposes full profile review and explicit local clearing","duration":0.5918000000001484,"failureMessages":[],"meta":{},"tags":[]},{"ancestorTitles":["JP-BW7 product UX contract"],"fullName":"JP-BW7 product UX contract rejects resume bodies before parsing in Public Judge Mode","status":"passed","title":"rejects resume bodies before parsing in Public Judge Mode","duration":4.350499999999556,"failureMessages":[],"meta":{},"tags":[]},{"ancestorTitles":["JP-BW7 product UX contract"],"fullName":"JP-BW7 product UX contract contains no raw-resume logging calls or cloud endpoints in private processing code","status":"passed","title":"contains no raw-resume logging calls or cloud endpoints in private processing code","duration":0.8969999999999345,"failureMessages":[],"meta":{},"tags":[]}],"startTime":1784398307459,"endTime":1784398307467.897,"status":"passed","message":"","name":"C:/Users/Jewon/Desktop/JobPilot-BuildWeek-Submission/src/server/build-week/product-ux.test.ts"},{"assertionResults":[{"ancestorTitles":["JP-BW8 public-safe production coverage"],"fullName":"JP-BW8 public-safe production coverage binds the aggregate snapshot to its canonical output hash","status":"passed","title":"binds the aggregate snapshot to its canonical output hash","duration":11.296699999999873,"failureMessages":[],"meta":{},"tags":[]},{"ancestorTitles":["JP-BW8 public-safe production coverage"],"fullName":"JP-BW8 public-safe production coverage reconciles displayed denominators and distributions","status":"passed","title":"reconciles displayed denominators and distributions","duration":0.5603000000000975,"failureMessages":[],"meta":{},"tags":[]},{"ancestorTitles":["JP-BW8 public-safe production coverage"],"fullName":"JP-BW8 public-safe production coverage records source, query, timestamp, hashes, and privacy classification for displayed metrics","status":"passed","title":"records source, query, timestamp, hashes, and privacy classification for displayed metrics","duration":1.8903000000000247,"failureMessages":[],"meta":{},"tags":[]},{"ancestorTitles":["JP-BW8 public-safe production coverage"],"fullName":"JP-BW8 public-safe production coverage uses an explicit read-only aggregate query path and copies no private records","status":"passed","title":"uses an explicit read-only aggregate query path and copies no private records","duration":1.67679999999973,"failureMessages":[],"meta":{},"tags":[]}],"startTime":1784398306942,"endTime":1784398306956.6768,"status":"passed","message":"","name":"C:/Users/Jewon/Desktop/JobPilot-BuildWeek-Submission/src/server/build-week/production-coverage-bw8.test.ts"},{"assertionResults":[{"ancestorTitles":["independent score receipt verifier"],"fullName":"independent score receipt verifier fully reproduces all six frozen receipts","status":"passed","title":"fully reproduces all six frozen receipts","duration":21.99260000000004,"failureMessages":[],"meta":{},"tags":[]},{"ancestorTitles":["independent score receipt verifier"],"fullName":"independent score receipt verifier rejects hash, arithmetic, cap, transfer, and evidence tampering","status":"passed","title":"rejects hash, arithmetic, cap, transfer, and evidence tampering","duration":6.958599999999933,"failureMessages":[],"meta":{},"tags":[]},{"ancestorTitles":["independent score receipt verifier"],"fullName":"independent score receipt verifier distinguishes a valid receipt whose frozen source is unavailable","status":"passed","title":"distinguishes a valid receipt whose frozen source is unavailable","duration":1.0387000000000626,"failureMessages":[],"meta":{},"tags":[]},{"ancestorTitles":["independent score receipt verifier"],"fullName":"independent score receipt verifier rejects unsupported versions before interpreting their arithmetic","status":"passed","title":"rejects unsupported versions before interpreting their arithmetic","duration":0.7062999999998283,"failureMessages":[],"meta":{},"tags":[]},{"ancestorTitles":["independent score receipt verifier"],"fullName":"independent score receipt verifier bounds bytes, depth, arrays, strings, object shape, and prototype keys","status":"passed","title":"bounds bytes, depth, arrays, strings, object shape, and prototype keys","duration":2.609099999999671,"failureMessages":[],"meta":{},"tags":[]},{"ancestorTitles":["independent score receipt verifier"],"fullName":"independent score receipt verifier keeps both verifier grid columns shrinkable at 320 pixels","status":"passed","title":"keeps both verifier grid columns shrinkable at 320 pixels","duration":1.3027000000001863,"failureMessages":[],"meta":{},"tags":[]}],"startTime":1784398306759,"endTime":1784398306794.3027,"status":"passed","message":"","name":"C:/Users/Jewon/Desktop/JobPilot-BuildWeek-Submission/src/server/build-week/receipt-verifier.test.ts"},{"assertionResults":[{"ancestorTitles":["no-key judge release contract"],"fullName":"no-key judge release contract returns only the five public-safe status fields","status":"passed","title":"returns only the five public-safe status fields","duration":4.899999999999636,"failureMessages":[],"meta":{},"tags":[]},{"ancestorTitles":["no-key judge release contract"],"fullName":"no-key judge release contract binds all six cached Gemma records to frozen inputs and deterministic receipts","status":"passed","title":"binds all six cached Gemma records to frozen inputs and deterministic receipts","duration":11.095900000000256,"failureMessages":[],"meta":{},"tags":[]},{"ancestorTitles":["no-key judge release contract"],"fullName":"no-key judge release contract serves prepared strategy and critique without an OpenAI key","status":"passed","title":"serves prepared strategy and critique without an OpenAI key","duration":3.6406999999999243,"failureMessages":[],"meta":{},"tags":[]},{"ancestorTitles":["no-key judge release contract"],"fullName":"no-key judge release contract enforces heavy-route input and daily quota bounds","status":"passed","title":"enforces heavy-route input and daily quota bounds","duration":2.4452000000001135,"failureMessages":[],"meta":{},"tags":[]},{"ancestorTitles":["no-key judge release contract"],"fullName":"no-key judge release contract keeps required hybrid trust disclosures and prepared labels in the UI","status":"passed","title":"keeps required hybrid trust disclosures and prepared labels in the UI","duration":1.136700000000019,"failureMessages":[],"meta":{},"tags":[]}],"startTime":1784398307082,"endTime":1784398307105.1367,"status":"passed","message":"","name":"C:/Users/Jewon/Desktop/JobPilot-BuildWeek-Submission/src/server/build-week/release.test.ts"},{"assertionResults":[{"ancestorTitles":["score sensitivity and anti-hardcoding"],"fullName":"score sensitivity and anti-hardcoding recomputes only the affected capability and produces a new receipt","status":"passed","title":"recomputes only the affected capability and produces a new receipt","duration":12.78710000000001,"failureMessages":[],"meta":{},"tags":[]},{"ancestorTitles":["score sensitivity and anti-hardcoding"],"fullName":"score sensitivity and anti-hardcoding contains no fixed final-score or receipt-hash literals in product source","status":"passed","title":"contains no fixed final-score or receipt-hash literals in product source","duration":2.8708999999998923,"failureMessages":[],"meta":{},"tags":[]}],"startTime":1784398306855,"endTime":1784398306869.8708,"status":"passed","message":"","name":"C:/Users/Jewon/Desktop/JobPilot-BuildWeek-Submission/src/server/build-week/score-change.test.ts"},{"assertionResults":[{"ancestorTitles":["AI Fit Score V2.2 proof suite"],"fullName":"AI Fit Score V2.2 proof suite passes 160 deterministic property cases","status":"passed","title":"passes 160 deterministic property cases","duration":76.66390000000001,"failureMessages":[],"meta":{},"tags":[]},{"ancestorTitles":["AI Fit Score V2.2 proof suite"],"fullName":"AI Fit Score V2.2 proof suite passes 36 hand-authored full-score fixture variants","status":"passed","title":"passes 36 hand-authored full-score fixture variants","duration":21.320500000000266,"failureMessages":[],"meta":{},"tags":[]},{"ancestorTitles":["AI Fit Score V2.2 proof suite"],"fullName":"AI Fit Score V2.2 proof suite passes 60 month-level experience cases without overlap double counting","status":"passed","title":"passes 60 month-level experience cases without overlap double counting","duration":8.929799999999886,"failureMessages":[],"meta":{},"tags":[]},{"ancestorTitles":["AI Fit Score V2.2 proof suite"],"fullName":"AI Fit Score V2.2 proof suite passes 30 work-mode and travel separation cases","status":"passed","title":"passes 30 work-mode and travel separation cases","duration":35.341599999999744,"failureMessages":[],"meta":{},"tags":[]},{"ancestorTitles":["AI Fit Score V2.2 proof suite"],"fullName":"AI Fit Score V2.2 proof suite passes 30 required-versus-preferred cap cases","status":"passed","title":"passes 30 required-versus-preferred cap cases","duration":8.934400000000096,"failureMessages":[],"meta":{},"tags":[]},{"ancestorTitles":["AI Fit Score V2.2 proof suite"],"fullName":"AI Fit Score V2.2 proof suite passes 24 umbrella and example de-duplication cases","status":"passed","title":"passes 24 umbrella and example de-duplication cases","duration":8.10470000000032,"failureMessages":[],"meta":{},"tags":[]},{"ancestorTitles":["AI Fit Score V2.2 proof suite"],"fullName":"AI Fit Score V2.2 proof suite passes 24 numeric-score eligibility cases","status":"passed","title":"passes 24 numeric-score eligibility cases","duration":7.389400000000023,"failureMessages":[],"meta":{},"tags":[]},{"ancestorTitles":["AI Fit Score V2.2 proof suite"],"fullName":"AI Fit Score V2.2 proof suite certifies all six demo jobs and stable receipts","status":"passed","title":"certifies all six demo jobs and stable receipts","duration":5.371299999999792,"failureMessages":[],"meta":{},"tags":[]},{"ancestorTitles":["AI Fit Score V2.2 proof suite"],"fullName":"AI Fit Score V2.2 proof suite proves adding valid CORE evidence cannot lower the score","status":"passed","title":"proves adding valid CORE evidence cannot lower the score","duration":2.808899999999994,"failureMessages":[],"meta":{},"tags":[]},{"ancestorTitles":["AI Fit Score V2.2 proof suite"],"fullName":"AI Fit Score V2.2 proof suite has zero arithmetic or class-cap violations across numeric fixtures","status":"passed","title":"has zero arithmetic or class-cap violations across numeric fixtures","duration":1.4354000000002998,"failureMessages":[],"meta":{},"tags":[]}],"startTime":1784398306431,"endTime":1784398306607.4353,"status":"passed","message":"","name":"C:/Users/Jewon/Desktop/JobPilot-BuildWeek-Submission/src/server/build-week/scorer.test.ts"},{"assertionResults":[{"ancestorTitles":["JP-BW8 transparent shortlist policy"],"fullName":"JP-BW8 transparent shortlist policy publishes the exact seven-factor order with no hidden total","status":"passed","title":"publishes the exact seven-factor order with no hidden total","duration":1.904700000000048,"failureMessages":[],"meta":{},"tags":[]},{"ancestorTitles":["JP-BW8 transparent shortlist policy"],"fullName":"JP-BW8 transparent shortlist policy applies every tie-break in the documented order","status":"passed","title":"applies every tie-break in the documented order","duration":9.465699999999742,"failureMessages":[],"meta":{},"tags":[]},{"ancestorTitles":["JP-BW8 transparent shortlist policy"],"fullName":"JP-BW8 transparent shortlist policy selects exactly three deterministic roles with four concise rationale items","status":"passed","title":"selects exactly three deterministic roles with four concise rationale items","duration":5.8440999999997985,"failureMessages":[],"meta":{},"tags":[]},{"ancestorTitles":["JP-BW8 transparent shortlist policy"],"fullName":"JP-BW8 transparent shortlist policy keeps work mode, distance, and freshness outside technical Fit Score","status":"passed","title":"keeps work mode, distance, and freshness outside technical Fit Score","duration":1.2552999999998065,"failureMessages":[],"meta":{},"tags":[]}],"startTime":1784398306874,"endTime":1784398306893.2554,"status":"passed","message":"","name":"C:/Users/Jewon/Desktop/JobPilot-BuildWeek-Submission/src/server/build-week/shortlist-bw8.test.ts"},{"assertionResults":[{"ancestorTitles":["local-first hybrid provider contract"],"fullName":"local-first hybrid provider contract routes semantic work to prepared Gemma and heavy work to prepared Codex output without a key","status":"passed","title":"routes semantic work to prepared Gemma and heavy work to prepared Codex output without a key","duration":3.714600000000246,"failureMessages":[],"meta":{},"tags":[]},{"ancestorTitles":["local-first hybrid provider contract"],"fullName":"local-first hybrid provider contract does not enable OpenAI when a key exists but the heavy flag is false","status":"passed","title":"does not enable OpenAI when a key exists but the heavy flag is false","duration":0.3987999999999374,"failureMessages":[],"meta":{},"tags":[]},{"ancestorTitles":["local-first hybrid provider contract"],"fullName":"local-first hybrid provider contract enables heavy reasoning with a key and one feature flag","status":"passed","title":"enables heavy reasoning with a key and one feature flag","duration":0.3202000000001135,"failureMessages":[],"meta":{},"tags":[]},{"ancestorTitles":["local-first hybrid provider contract"],"fullName":"local-first hybrid provider contract rejects a non-loopback Ollama endpoint and model substitution","status":"passed","title":"rejects a non-loopback Ollama endpoint and model substitution","duration":1.4513999999999214,"failureMessages":[],"meta":{},"tags":[]},{"ancestorTitles":["prepared outputs"],"fullName":"prepared outputs keeps strategies and critiques grounded in frozen IDs","status":"passed","title":"keeps strategies and critiques grounded in frozen IDs","duration":22.775799999999435,"failureMessages":[],"meta":{},"tags":[]},{"ancestorTitles":["bounded OpenAI heavy transport"],"fullName":"bounded OpenAI heavy transport handles raw response text, refusals, and incomplete output","status":"passed","title":"handles raw response text, refusals, and incomplete output","duration":1.7790999999997439,"failureMessages":[],"meta":{},"tags":[]},{"ancestorTitles":["bounded OpenAI heavy transport"],"fullName":"bounded OpenAI heavy transport validates a mocked application strategy without a live key","status":"passed","title":"validates a mocked application strategy without a live key","duration":6.766899999999623,"failureMessages":[],"meta":{},"tags":[]},{"ancestorTitles":["bounded OpenAI heavy transport"],"fullName":"bounded OpenAI heavy transport validates a mocked independent challenge without mutating the score","status":"passed","title":"validates a mocked independent challenge without mutating the score","duration":2.2034999999996217,"failureMessages":[],"meta":{},"tags":[]},{"ancestorTitles":["local Gemma adapter"],"fullName":"local Gemma adapter uses one structured batched local call and validates all IDs","status":"passed","title":"uses one structured batched local call and validates all IDs","duration":2.9351999999998952,"failureMessages":[],"meta":{},"tags":[]}],"startTime":1784398307000,"endTime":1784398307042.9353,"status":"passed","message":"","name":"C:/Users/Jewon/Desktop/JobPilot-BuildWeek-Submission/src/server/build-week/strategy.test.ts"},{"assertionResults":[{"ancestorTitles":["private local Gemma boundary"],"fullName":"private local Gemma boundary sends only confirmed structured evidence to a loopback Ollama endpoint and leaves scoring deterministic","status":"passed","title":"sends only confirmed structured evidence to a loopback Ollama endpoint and leaves scoring deterministic","duration":19.464100000000144,"failureMessages":[],"meta":{},"tags":[]},{"ancestorTitles":["private local Gemma boundary"],"fullName":"private local Gemma boundary rejects hallucinated requirement or evidence identifiers","status":"passed","title":"rejects hallucinated requirement or evidence identifiers","duration":1.878700000000208,"failureMessages":[],"meta":{},"tags":[]},{"ancestorTitles":["private local Gemma boundary"],"fullName":"private local Gemma boundary fails closed before network access when private mode is disabled","status":"passed","title":"fails closed before network access when private mode is disabled","duration":0.5411000000003696,"failureMessages":[],"meta":{},"tags":[]}],"startTime":1784398307431,"endTime":1784398307452.541,"status":"passed","message":"","name":"C:/Users/Jewon/Desktop/JobPilot-BuildWeek-Submission/src/server/private-profile/local-analysis.test.ts"},{"assertionResults":[{"ancestorTitles":["private resume ingestion boundary"],"fullName":"private resume ingestion boundary parses a valid synthetic TXT resume without persisting raw content","status":"passed","title":"parses a valid synthetic TXT resume without persisting raw content","duration":3.2986999999993714,"failureMessages":[],"meta":{},"tags":[]},{"ancestorTitles":["private resume ingestion boundary"],"fullName":"private resume ingestion boundary parses a valid synthetic PDF resume without persisting raw content","status":"passed","title":"parses a valid synthetic PDF resume without persisting raw content","duration":54.17839999999978,"failureMessages":[],"meta":{},"tags":[]},{"ancestorTitles":["private resume ingestion boundary"],"fullName":"private resume ingestion boundary parses a valid synthetic DOCX resume without persisting raw content","status":"passed","title":"parses a valid synthetic DOCX resume without persisting raw content","duration":13.587599999999838,"failureMessages":[],"meta":{},"tags":[]},{"ancestorTitles":["private resume ingestion boundary"],"fullName":"private resume ingestion boundary performs no network request during parsing","status":"passed","title":"performs no network request during parsing","duration":0.8350000000000364,"failureMessages":[],"meta":{},"tags":[]},{"ancestorTitles":["private resume ingestion boundary"],"fullName":"private resume ingestion boundary rejects path traversal","status":"passed","title":"rejects path traversal","duration":0.7506000000003041,"failureMessages":[],"meta":{},"tags":[]},{"ancestorTitles":["private resume ingestion boundary"],"fullName":"private resume ingestion boundary rejects extension and MIME mismatch","status":"passed","title":"rejects extension and MIME mismatch","duration":0.6599999999998545,"failureMessages":[],"meta":{},"tags":[]},{"ancestorTitles":["private resume ingestion boundary"],"fullName":"private resume ingestion boundary rejects unsupported extension","status":"passed","title":"rejects unsupported extension","duration":0.13180000000011205,"failureMessages":[],"meta":{},"tags":[]},{"ancestorTitles":["private resume ingestion boundary"],"fullName":"private resume ingestion boundary rejects unsupported executable","status":"passed","title":"rejects unsupported executable","duration":0.1662000000005719,"failureMessages":[],"meta":{},"tags":[]},{"ancestorTitles":["private resume ingestion boundary"],"fullName":"private resume ingestion boundary rejects binary TXT","status":"passed","title":"rejects binary TXT","duration":0.19629999999961,"failureMessages":[],"meta":{},"tags":[]},{"ancestorTitles":["private resume ingestion boundary"],"fullName":"private resume ingestion boundary rejects invalid UTF-8","status":"passed","title":"rejects invalid UTF-8","duration":0.30099999999947613,"failureMessages":[],"meta":{},"tags":[]},{"ancestorTitles":["private resume ingestion boundary"],"fullName":"private resume ingestion boundary rejects malformed PDF","status":"passed","title":"rejects malformed PDF","duration":0.15539999999964493,"failureMessages":[],"meta":{},"tags":[]},{"ancestorTitles":["private resume ingestion boundary"],"fullName":"private resume ingestion boundary rejects scanned or no-text PDF","status":"passed","title":"rejects scanned or no-text PDF","duration":2.2408000000004904,"failureMessages":[],"meta":{},"tags":[]},{"ancestorTitles":["private resume ingestion boundary"],"fullName":"private resume ingestion boundary rejects malformed DOCX","status":"passed","title":"rejects malformed DOCX","duration":0.21590000000014697,"failureMessages":[],"meta":{},"tags":[]},{"ancestorTitles":["private resume ingestion boundary"],"fullName":"private resume ingestion boundary rejects active DOCX content","status":"passed","title":"rejects active DOCX content","duration":0.3530000000000655,"failureMessages":[],"meta":{},"tags":[]},{"ancestorTitles":["private resume ingestion boundary"],"fullName":"private resume ingestion boundary rejects oversized input before extraction","status":"passed","title":"rejects oversized input before extraction","duration":2.3932999999997264,"failureMessages":[],"meta":{},"tags":[]},{"ancestorTitles":["private resume ingestion boundary"],"fullName":"private resume ingestion boundary excludes protected-attribute and prompt-like lines from evidence","status":"passed","title":"excludes protected-attribute and prompt-like lines from evidence","duration":0.5136999999995169,"failureMessages":[],"meta":{},"tags":[]},{"ancestorTitles":["private resume ingestion boundary"],"fullName":"private resume ingestion boundary flags missing role dates for explicit review","status":"passed","title":"flags missing role dates for explicit review","duration":0.34540000000015425,"failureMessages":[],"meta":{},"tags":[]}],"startTime":1784398307248,"endTime":1784398307328.5137,"status":"passed","message":"","name":"C:/Users/Jewon/Desktop/JobPilot-BuildWeek-Submission/src/server/private-profile/resume-parser.test.ts"}]}