{"numTotalTestSuites":39,"numPassedTestSuites":39,"numFailedTestSuites":0,"numPendingTestSuites":0,"numTotalTests":94,"numPassedTests":92,"numFailedTests":0,"numPendingTests":2,"numTodoTests":0,"snapshot":{"added":0,"failure":false,"filesAdded":0,"filesRemoved":0,"filesRemovedList":[],"filesUnmatched":0,"filesUpdated":0,"matched":0,"total":0,"unchecked":0,"uncheckedKeysByFile":[],"unmatched":0,"updated":0,"didUpdate":false},"startTime":1784366145916,"success":true,"testResults":[{"assertionResults":[{"ancestorTitles":["Tailwind v4 production CSS pipeline (run through npm run test:css-pipeline)"],"fullName":"Tailwind v4 production CSS pipeline (run through npm run test:css-pipeline) serves nontrivial generated utility CSS bound to real-browser evidence","status":"skipped","title":"serves nontrivial generated utility CSS bound to real-browser evidence","failureMessages":[],"meta":{},"tags":[]},{"ancestorTitles":["Tailwind v4 production CSS pipeline (run through npm run test:css-pipeline)"],"fullName":"Tailwind v4 production CSS pipeline (run through npm run test:css-pipeline) computes restored landing and job-card styles from the served bundle","status":"skipped","title":"computes restored landing and job-card styles from the served bundle","failureMessages":[],"meta":{},"tags":[]}],"startTime":1784366145916,"endTime":1784366145916,"status":"passed","message":"","name":"C:/Users/Jewon/Desktop/JobPilot-BuildWeek-Submission/tests/visual/css-pipeline.spec.ts"},{"assertionResults":[{"ancestorTitles":["comparison and direct-employer safety contract"],"fullName":"comparison and direct-employer safety contract enforces a persistent three-role comparison limit","status":"passed","title":"enforces a persistent three-role comparison limit","duration":2.264299999999821,"failureMessages":[],"meta":{},"tags":[]},{"ancestorTitles":["comparison and direct-employer safety contract"],"fullName":"comparison and direct-employer safety contract compares only visible factors and creates no aggregate score","status":"passed","title":"compares only visible factors and creates no aggregate score","duration":0.9911000000001877,"failureMessages":[],"meta":{},"tags":[]},{"ancestorTitles":["comparison and direct-employer safety contract"],"fullName":"comparison and direct-employer safety contract opens a safe synthetic employer destination in a new tab","status":"passed","title":"opens a safe synthetic employer destination in a new tab","duration":1.4260999999996784,"failureMessages":[],"meta":{},"tags":[]},{"ancestorTitles":["comparison and direct-employer safety contract"],"fullName":"comparison and direct-employer safety contract never provides a form, submission, or automatic Applied transition","status":"passed","title":"never provides a form, submission, or automatic Applied transition","duration":0.6543000000001484,"failureMessages":[],"meta":{},"tags":[]}],"startTime":1784366149113,"endTime":1784366149118.6543,"status":"passed","message":"","name":"C:/Users/Jewon/Desktop/JobPilot-BuildWeek-Submission/src/server/build-week/comparison-and-apply.test.ts"},{"assertionResults":[{"ancestorTitles":["JP-BW8 decision utility study harness"],"fullName":"JP-BW8 decision utility study harness supports both randomized A/B condition orders","status":"passed","title":"supports both randomized A/B condition orders","duration":2.5101999999997133,"failureMessages":[],"meta":{},"tags":[]},{"ancestorTitles":["JP-BW8 decision utility study harness"],"fullName":"JP-BW8 decision utility study harness creates and validates an anonymous local-only session","status":"passed","title":"creates and validates an anonymous local-only session","duration":1.0756000000001222,"failureMessages":[],"meta":{},"tags":[]},{"ancestorTitles":["JP-BW8 decision utility study harness"],"fullName":"JP-BW8 decision utility study harness exports only the frozen no-PII schema","status":"passed","title":"exports only the frozen no-PII schema","duration":1.2517000000002554,"failureMessages":[],"meta":{},"tags":[]},{"ancestorTitles":["JP-BW8 decision utility study harness"],"fullName":"JP-BW8 decision utility study harness uses browser-local persistence with no network submission path","status":"passed","title":"uses browser-local persistence with no network submission path","duration":0.9284999999999854,"failureMessages":[],"meta":{},"tags":[]},{"ancestorTitles":["JP-BW8 decision utility study harness"],"fullName":"JP-BW8 decision utility study harness keeps the frozen study kit at zero human participants","status":"passed","title":"keeps the frozen study kit at zero human participants","duration":0.7328999999999724,"failureMessages":[],"meta":{},"tags":[]}],"startTime":1784366149145,"endTime":1784366149151.733,"status":"passed","message":"","name":"C:/Users/Jewon/Desktop/JobPilot-BuildWeek-Submission/src/server/build-week/decision-study-bw8.test.ts"},{"assertionResults":[{"ancestorTitles":["nearby discovery contract"],"fullName":"nearby discovery contract calculates deterministic Haversine distance and the nearest physical location","status":"passed","title":"calculates deterministic Haversine distance and the nearest physical location","duration":2.060699999999997,"failureMessages":[],"meta":{},"tags":[]},{"ancestorTitles":["nearby discovery contract"],"fullName":"nearby discovery contract labels remote-only roles without inventing a distance","status":"passed","title":"labels remote-only roles without inventing a distance","duration":13.401800000000094,"failureMessages":[],"meta":{},"tags":[]},{"ancestorTitles":["nearby discovery contract"],"fullName":"nearby discovery contract keeps location outside the deterministic technical score","status":"passed","title":"keeps location outside the deterministic technical score","duration":1.7100000000000364,"failureMessages":[],"meta":{},"tags":[]},{"ancestorTitles":["nearby discovery contract"],"fullName":"nearby discovery contract produces exact stable orders for every visible sort","status":"passed","title":"produces exact stable orders for every visible sort","duration":2.1116000000001804,"failureMessages":[],"meta":{},"tags":[]},{"ancestorTitles":["nearby discovery contract"],"fullName":"nearby discovery contract applies each visible filter without changing row evidence","status":"passed","title":"applies each visible filter without changing row evidence","duration":4.528899999999794,"failureMessages":[],"meta":{},"tags":[]}],"startTime":1784366149058,"endTime":1784366149081.5288,"status":"passed","message":"","name":"C:/Users/Jewon/Desktop/JobPilot-BuildWeek-Submission/src/server/build-week/discovery.test.ts"},{"assertionResults":[{"ancestorTitles":["JP-BW8 impact and differentiation story"],"fullName":"JP-BW8 impact and differentiation story centers the product on the five-stage decision loop","status":"passed","title":"centers the product on the five-stage decision loop","duration":3.319600000000264,"failureMessages":[],"meta":{},"tags":[]},{"ancestorTitles":["JP-BW8 impact and differentiation story"],"fullName":"JP-BW8 impact and differentiation story publishes exactly five complete Codex repair moments","status":"passed","title":"publishes exactly five complete Codex repair moments","duration":1.3220000000001164,"failureMessages":[],"meta":{},"tags":[]},{"ancestorTitles":["JP-BW8 impact and differentiation story"],"fullName":"JP-BW8 impact and differentiation story uses neutral bounded comparison language","status":"passed","title":"uses neutral bounded comparison language","duration":1.2242999999998574,"failureMessages":[],"meta":{},"tags":[]}],"startTime":1784366149113,"endTime":1784366149119.2244,"status":"passed","message":"","name":"C:/Users/Jewon/Desktop/JobPilot-BuildWeek-Submission/src/server/build-week/impact-story-bw8.test.ts"},{"assertionResults":[{"ancestorTitles":["90-second judge tour contract"],"fullName":"90-second judge tour contract contains the exact seven-stage decision journey and explicit completion proof","status":"passed","title":"contains the exact seven-stage decision journey and explicit completion proof","duration":2.261399999999867,"failureMessages":[],"meta":{},"tags":[]},{"ancestorTitles":["90-second judge tour contract"],"fullName":"90-second judge tour contract matches the public judge-tour contract artifact","status":"passed","title":"matches the public judge-tour contract artifact","duration":1.5630000000001019,"failureMessages":[],"meta":{},"tags":[]}],"startTime":1784366149114,"endTime":1784366149117.563,"status":"passed","message":"","name":"C:/Users/Jewon/Desktop/JobPilot-BuildWeek-Submission/src/server/build-week/judge-tour.test.ts"},{"assertionResults":[{"ancestorTitles":["JP-BW8 prepared GPT review provenance"],"fullName":"JP-BW8 prepared GPT review provenance surfaces all four prepared artifact types with verified provenance","status":"passed","title":"surfaces all four prepared artifact types with verified provenance","duration":1.7727999999997337,"failureMessages":[],"meta":{},"tags":[]},{"ancestorTitles":["JP-BW8 prepared GPT review provenance"],"fullName":"JP-BW8 prepared GPT review provenance binds each artifact to its file, input, output, and valid evidence IDs","status":"passed","title":"binds each artifact to its file, input, output, and valid evidence IDs","duration":2.4837000000002263,"failureMessages":[],"meta":{},"tags":[]},{"ancestorTitles":["JP-BW8 prepared GPT review provenance"],"fullName":"JP-BW8 prepared GPT review provenance matches the committed public proof artifact and required zero values","status":"passed","title":"matches the committed public proof artifact and required zero values","duration":0.7604999999998654,"failureMessages":[],"meta":{},"tags":[]}],"startTime":1784366149159,"endTime":1784366149163.7605,"status":"passed","message":"","name":"C:/Users/Jewon/Desktop/JobPilot-BuildWeek-Submission/src/server/build-week/prepared-provenance-bw8.test.ts"},{"assertionResults":[{"ancestorTitles":["zero-API GPT-5.6 prepared-review provenance"],"fullName":"zero-API GPT-5.6 prepared-review provenance binds every indexed file and structured output to its declared hash","status":"passed","title":"binds every indexed file and structured output to its declared hash","duration":12.032000000000153,"failureMessages":[],"meta":{},"tags":[]},{"ancestorTitles":["zero-API GPT-5.6 prepared-review provenance"],"fullName":"zero-API GPT-5.6 prepared-review provenance records the verified Codex surface with zero API calls, cost, score generation, or stored reasoning","status":"passed","title":"records the verified Codex surface with zero API calls, cost, score generation, or stored reasoning","duration":1.0878999999999905,"failureMessages":[],"meta":{},"tags":[]},{"ancestorTitles":["zero-API GPT-5.6 prepared-review provenance"],"fullName":"zero-API GPT-5.6 prepared-review provenance uses only frozen job and candidate evidence IDs and reports no fabricated claims","status":"passed","title":"uses only frozen job and candidate evidence IDs and reports no fabricated claims","duration":1.8435000000004038,"failureMessages":[],"meta":{},"tags":[]}],"startTime":1784366149142,"endTime":1784366149156.8435,"status":"passed","message":"","name":"C:/Users/Jewon/Desktop/JobPilot-BuildWeek-Submission/src/server/build-week/prepared-reviews.test.ts"},{"assertionResults":[{"ancestorTitles":["JP-BW7 product UX contract"],"fullName":"JP-BW7 product UX contract keeps the landing decision user-centered and exact","status":"passed","title":"keeps the landing decision user-centered and exact","duration":1.4850000000001273,"failureMessages":[],"meta":{},"tags":[]},{"ancestorTitles":["JP-BW7 product UX contract"],"fullName":"JP-BW7 product UX contract provides the required navigation and profile controls","status":"passed","title":"provides the required navigation and profile controls","duration":0.5441999999998188,"failureMessages":[],"meta":{},"tags":[]},{"ancestorTitles":["JP-BW7 product UX contract"],"fullName":"JP-BW7 product UX contract progressively discloses evidence, strategy, and the technical receipt","status":"passed","title":"progressively discloses evidence, strategy, and the technical receipt","duration":1.0518999999999323,"failureMessages":[],"meta":{},"tags":[]},{"ancestorTitles":["JP-BW7 product UX contract"],"fullName":"JP-BW7 product UX contract keeps practical preferences separate from technical fit","status":"passed","title":"keeps practical preferences separate from technical fit","duration":0.37099999999963984,"failureMessages":[],"meta":{},"tags":[]},{"ancestorTitles":["JP-BW7 product UX contract"],"fullName":"JP-BW7 product UX contract exposes full profile review and explicit local clearing","status":"passed","title":"exposes full profile review and explicit local clearing","duration":0.5145000000002256,"failureMessages":[],"meta":{},"tags":[]},{"ancestorTitles":["JP-BW7 product UX contract"],"fullName":"JP-BW7 product UX contract rejects resume bodies before parsing in Public Judge Mode","status":"passed","title":"rejects resume bodies before parsing in Public Judge Mode","duration":4.218699999999899,"failureMessages":[],"meta":{},"tags":[]},{"ancestorTitles":["JP-BW7 product UX contract"],"fullName":"JP-BW7 product UX contract contains no raw-resume logging calls or cloud endpoints in private processing code","status":"passed","title":"contains no raw-resume logging calls or cloud endpoints in private processing code","duration":0.856499999999869,"failureMessages":[],"meta":{},"tags":[]}],"startTime":1784366149642,"endTime":1784366149650.8564,"status":"passed","message":"","name":"C:/Users/Jewon/Desktop/JobPilot-BuildWeek-Submission/src/server/build-week/product-ux.test.ts"},{"assertionResults":[{"ancestorTitles":["JP-BW8 public-safe production coverage"],"fullName":"JP-BW8 public-safe production coverage binds the aggregate snapshot to its canonical output hash","status":"passed","title":"binds the aggregate snapshot to its canonical output hash","duration":11.1253999999999,"failureMessages":[],"meta":{},"tags":[]},{"ancestorTitles":["JP-BW8 public-safe production coverage"],"fullName":"JP-BW8 public-safe production coverage reconciles displayed denominators and distributions","status":"passed","title":"reconciles displayed denominators and distributions","duration":0.5671999999999571,"failureMessages":[],"meta":{},"tags":[]},{"ancestorTitles":["JP-BW8 public-safe production coverage"],"fullName":"JP-BW8 public-safe production coverage records source, query, timestamp, hashes, and privacy classification for displayed metrics","status":"passed","title":"records source, query, timestamp, hashes, and privacy classification for displayed metrics","duration":1.9521999999997206,"failureMessages":[],"meta":{},"tags":[]},{"ancestorTitles":["JP-BW8 public-safe production coverage"],"fullName":"JP-BW8 public-safe production coverage uses an explicit read-only aggregate query path and copies no private records","status":"passed","title":"uses an explicit read-only aggregate query path and copies no private records","duration":1.501800000000003,"failureMessages":[],"meta":{},"tags":[]}],"startTime":1784366149083,"endTime":1784366149098.5017,"status":"passed","message":"","name":"C:/Users/Jewon/Desktop/JobPilot-BuildWeek-Submission/src/server/build-week/production-coverage-bw8.test.ts"},{"assertionResults":[{"ancestorTitles":["independent score receipt verifier"],"fullName":"independent score receipt verifier fully reproduces all six frozen receipts","status":"passed","title":"fully reproduces all six frozen receipts","duration":21.514600000000428,"failureMessages":[],"meta":{},"tags":[]},{"ancestorTitles":["independent score receipt verifier"],"fullName":"independent score receipt verifier rejects hash, arithmetic, cap, transfer, and evidence tampering","status":"passed","title":"rejects hash, arithmetic, cap, transfer, and evidence tampering","duration":5.535600000000159,"failureMessages":[],"meta":{},"tags":[]},{"ancestorTitles":["independent score receipt verifier"],"fullName":"independent score receipt verifier distinguishes a valid receipt whose frozen source is unavailable","status":"passed","title":"distinguishes a valid receipt whose frozen source is unavailable","duration":0.7523000000001048,"failureMessages":[],"meta":{},"tags":[]},{"ancestorTitles":["independent score receipt verifier"],"fullName":"independent score receipt verifier rejects unsupported versions before interpreting their arithmetic","status":"passed","title":"rejects unsupported versions before interpreting their arithmetic","duration":0.6771000000003369,"failureMessages":[],"meta":{},"tags":[]},{"ancestorTitles":["independent score receipt verifier"],"fullName":"independent score receipt verifier bounds bytes, depth, arrays, strings, object shape, and prototype keys","status":"passed","title":"bounds bytes, depth, arrays, strings, object shape, and prototype keys","duration":1.7661000000002787,"failureMessages":[],"meta":{},"tags":[]},{"ancestorTitles":["independent score receipt verifier"],"fullName":"independent score receipt verifier keeps both verifier grid columns shrinkable at 320 pixels","status":"passed","title":"keeps both verifier grid columns shrinkable at 320 pixels","duration":0.7290000000002692,"failureMessages":[],"meta":{},"tags":[]}],"startTime":1784366148956,"endTime":1784366148986.766,"status":"passed","message":"","name":"C:/Users/Jewon/Desktop/JobPilot-BuildWeek-Submission/src/server/build-week/receipt-verifier.test.ts"},{"assertionResults":[{"ancestorTitles":["no-key judge release contract"],"fullName":"no-key judge release contract returns only the five public-safe status fields","status":"passed","title":"returns only the five public-safe status fields","duration":6.367500000000291,"failureMessages":[],"meta":{},"tags":[]},{"ancestorTitles":["no-key judge release contract"],"fullName":"no-key judge release contract binds all six cached Gemma records to frozen inputs and deterministic receipts","status":"passed","title":"binds all six cached Gemma records to frozen inputs and deterministic receipts","duration":12.145700000000033,"failureMessages":[],"meta":{},"tags":[]},{"ancestorTitles":["no-key judge release contract"],"fullName":"no-key judge release contract serves prepared strategy and critique without an OpenAI key","status":"passed","title":"serves prepared strategy and critique without an OpenAI key","duration":5.840700000000197,"failureMessages":[],"meta":{},"tags":[]},{"ancestorTitles":["no-key judge release contract"],"fullName":"no-key judge release contract enforces heavy-route input and daily quota bounds","status":"passed","title":"enforces heavy-route input and daily quota bounds","duration":2.6572000000001026,"failureMessages":[],"meta":{},"tags":[]},{"ancestorTitles":["no-key judge release contract"],"fullName":"no-key judge release contract keeps required hybrid trust disclosures and prepared labels in the UI","status":"passed","title":"keeps required hybrid trust disclosures and prepared labels in the UI","duration":0.8204000000000633,"failureMessages":[],"meta":{},"tags":[]}],"startTime":1784366149225,"endTime":1784366149252.8203,"status":"passed","message":"","name":"C:/Users/Jewon/Desktop/JobPilot-BuildWeek-Submission/src/server/build-week/release.test.ts"},{"assertionResults":[{"ancestorTitles":["score sensitivity and anti-hardcoding"],"fullName":"score sensitivity and anti-hardcoding recomputes only the affected capability and produces a new receipt","status":"passed","title":"recomputes only the affected capability and produces a new receipt","duration":11.533400000000256,"failureMessages":[],"meta":{},"tags":[]},{"ancestorTitles":["score sensitivity and anti-hardcoding"],"fullName":"score sensitivity and anti-hardcoding contains no fixed final-score or receipt-hash literals in product source","status":"passed","title":"contains no fixed final-score or receipt-hash literals in product source","duration":2.435099999999693,"failureMessages":[],"meta":{},"tags":[]}],"startTime":1784366149076,"endTime":1784366149089.435,"status":"passed","message":"","name":"C:/Users/Jewon/Desktop/JobPilot-BuildWeek-Submission/src/server/build-week/score-change.test.ts"},{"assertionResults":[{"ancestorTitles":["AI Fit Score V2.2 proof suite"],"fullName":"AI Fit Score V2.2 proof suite passes 160 deterministic property cases","status":"passed","title":"passes 160 deterministic property cases","duration":73.10890000000018,"failureMessages":[],"meta":{},"tags":[]},{"ancestorTitles":["AI Fit Score V2.2 proof suite"],"fullName":"AI Fit Score V2.2 proof suite passes 36 hand-authored full-score fixture variants","status":"passed","title":"passes 36 hand-authored full-score fixture variants","duration":13.69439999999986,"failureMessages":[],"meta":{},"tags":[]},{"ancestorTitles":["AI Fit Score V2.2 proof suite"],"fullName":"AI Fit Score V2.2 proof suite passes 60 month-level experience cases without overlap double counting","status":"passed","title":"passes 60 month-level experience cases without overlap double counting","duration":7.992999999999938,"failureMessages":[],"meta":{},"tags":[]},{"ancestorTitles":["AI Fit Score V2.2 proof suite"],"fullName":"AI Fit Score V2.2 proof suite passes 30 work-mode and travel separation cases","status":"passed","title":"passes 30 work-mode and travel separation cases","duration":27.99330000000009,"failureMessages":[],"meta":{},"tags":[]},{"ancestorTitles":["AI Fit Score V2.2 proof suite"],"fullName":"AI Fit Score V2.2 proof suite passes 30 required-versus-preferred cap cases","status":"passed","title":"passes 30 required-versus-preferred cap cases","duration":10.330499999999574,"failureMessages":[],"meta":{},"tags":[]},{"ancestorTitles":["AI Fit Score V2.2 proof suite"],"fullName":"AI Fit Score V2.2 proof suite passes 24 umbrella and example de-duplication cases","status":"passed","title":"passes 24 umbrella and example de-duplication cases","duration":7.403999999999996,"failureMessages":[],"meta":{},"tags":[]},{"ancestorTitles":["AI Fit Score V2.2 proof suite"],"fullName":"AI Fit Score V2.2 proof suite passes 24 numeric-score eligibility cases","status":"passed","title":"passes 24 numeric-score eligibility cases","duration":6.6874000000002525,"failureMessages":[],"meta":{},"tags":[]},{"ancestorTitles":["AI Fit Score V2.2 proof suite"],"fullName":"AI Fit Score V2.2 proof suite certifies all six demo jobs and stable receipts","status":"passed","title":"certifies all six demo jobs and stable receipts","duration":4.7827000000002045,"failureMessages":[],"meta":{},"tags":[]},{"ancestorTitles":["AI Fit Score V2.2 proof suite"],"fullName":"AI Fit Score V2.2 proof suite proves adding valid CORE evidence cannot lower the score","status":"passed","title":"proves adding valid CORE evidence cannot lower the score","duration":2.432600000000093,"failureMessages":[],"meta":{},"tags":[]},{"ancestorTitles":["AI Fit Score V2.2 proof suite"],"fullName":"AI Fit Score V2.2 proof suite has zero arithmetic or class-cap violations across numeric fixtures","status":"passed","title":"has zero arithmetic or class-cap violations across numeric fixtures","duration":1.405500000000302,"failureMessages":[],"meta":{},"tags":[]}],"startTime":1784366148847,"endTime":1784366149002.4055,"status":"passed","message":"","name":"C:/Users/Jewon/Desktop/JobPilot-BuildWeek-Submission/src/server/build-week/scorer.test.ts"},{"assertionResults":[{"ancestorTitles":["JP-BW8 transparent shortlist policy"],"fullName":"JP-BW8 transparent shortlist policy publishes the exact seven-factor order with no hidden total","status":"passed","title":"publishes the exact seven-factor order with no hidden total","duration":2.1326999999996588,"failureMessages":[],"meta":{},"tags":[]},{"ancestorTitles":["JP-BW8 transparent shortlist policy"],"fullName":"JP-BW8 transparent shortlist policy applies every tie-break in the documented order","status":"passed","title":"applies every tie-break in the documented order","duration":8.175000000000182,"failureMessages":[],"meta":{},"tags":[]},{"ancestorTitles":["JP-BW8 transparent shortlist policy"],"fullName":"JP-BW8 transparent shortlist policy selects exactly three deterministic roles and explains each selection","status":"passed","title":"selects exactly three deterministic roles and explains each selection","duration":6.332700000000386,"failureMessages":[],"meta":{},"tags":[]},{"ancestorTitles":["JP-BW8 transparent shortlist policy"],"fullName":"JP-BW8 transparent shortlist policy keeps work mode, distance, and freshness outside technical Fit Score","status":"passed","title":"keeps work mode, distance, and freshness outside technical Fit Score","duration":0.75649999999996,"failureMessages":[],"meta":{},"tags":[]}],"startTime":1784366149083,"endTime":1784366149100.7566,"status":"passed","message":"","name":"C:/Users/Jewon/Desktop/JobPilot-BuildWeek-Submission/src/server/build-week/shortlist-bw8.test.ts"},{"assertionResults":[{"ancestorTitles":["local-first hybrid provider contract"],"fullName":"local-first hybrid provider contract routes semantic work to prepared Gemma and heavy work to prepared Codex output without a key","status":"passed","title":"routes semantic work to prepared Gemma and heavy work to prepared Codex output without a key","duration":3.878099999999904,"failureMessages":[],"meta":{},"tags":[]},{"ancestorTitles":["local-first hybrid provider contract"],"fullName":"local-first hybrid provider contract does not enable OpenAI when a key exists but the heavy flag is false","status":"passed","title":"does not enable OpenAI when a key exists but the heavy flag is false","duration":0.6068000000000211,"failureMessages":[],"meta":{},"tags":[]},{"ancestorTitles":["local-first hybrid provider contract"],"fullName":"local-first hybrid provider contract enables heavy reasoning with a key and one feature flag","status":"passed","title":"enables heavy reasoning with a key and one feature flag","duration":0.4515000000001237,"failureMessages":[],"meta":{},"tags":[]},{"ancestorTitles":["local-first hybrid provider contract"],"fullName":"local-first hybrid provider contract rejects a non-loopback Ollama endpoint and model substitution","status":"passed","title":"rejects a non-loopback Ollama endpoint and model substitution","duration":2.2016999999996187,"failureMessages":[],"meta":{},"tags":[]},{"ancestorTitles":["prepared outputs"],"fullName":"prepared outputs keeps strategies and critiques grounded in frozen IDs","status":"passed","title":"keeps strategies and critiques grounded in frozen IDs","duration":18.979299999999967,"failureMessages":[],"meta":{},"tags":[]},{"ancestorTitles":["bounded OpenAI heavy transport"],"fullName":"bounded OpenAI heavy transport handles raw response text, refusals, and incomplete output","status":"passed","title":"handles raw response text, refusals, and incomplete output","duration":0.6024999999999636,"failureMessages":[],"meta":{},"tags":[]},{"ancestorTitles":["bounded OpenAI heavy transport"],"fullName":"bounded OpenAI heavy transport validates a mocked application strategy without a live key","status":"passed","title":"validates a mocked application strategy without a live key","duration":4.6358000000000175,"failureMessages":[],"meta":{},"tags":[]},{"ancestorTitles":["bounded OpenAI heavy transport"],"fullName":"bounded OpenAI heavy transport validates a mocked independent challenge without mutating the score","status":"passed","title":"validates a mocked independent challenge without mutating the score","duration":2.093199999999797,"failureMessages":[],"meta":{},"tags":[]},{"ancestorTitles":["local Gemma adapter"],"fullName":"local Gemma adapter uses one structured batched local call and validates all IDs","status":"passed","title":"uses one structured batched local call and validates all IDs","duration":2.406999999999698,"failureMessages":[],"meta":{},"tags":[]}],"startTime":1784366149119,"endTime":1784366149155.407,"status":"passed","message":"","name":"C:/Users/Jewon/Desktop/JobPilot-BuildWeek-Submission/src/server/build-week/strategy.test.ts"},{"assertionResults":[{"ancestorTitles":["private local Gemma boundary"],"fullName":"private local Gemma boundary sends only confirmed structured evidence to a loopback Ollama endpoint and leaves scoring deterministic","status":"passed","title":"sends only confirmed structured evidence to a loopback Ollama endpoint and leaves scoring deterministic","duration":14.88319999999976,"failureMessages":[],"meta":{},"tags":[]},{"ancestorTitles":["private local Gemma boundary"],"fullName":"private local Gemma boundary rejects hallucinated requirement or evidence identifiers","status":"passed","title":"rejects hallucinated requirement or evidence identifiers","duration":1.5403000000001157,"failureMessages":[],"meta":{},"tags":[]},{"ancestorTitles":["private local Gemma boundary"],"fullName":"private local Gemma boundary fails closed before network access when private mode is disabled","status":"passed","title":"fails closed before network access when private mode is disabled","duration":0.58199999999988,"failureMessages":[],"meta":{},"tags":[]}],"startTime":1784366149599,"endTime":1784366149615.582,"status":"passed","message":"","name":"C:/Users/Jewon/Desktop/JobPilot-BuildWeek-Submission/src/server/private-profile/local-analysis.test.ts"},{"assertionResults":[{"ancestorTitles":["private resume ingestion boundary"],"fullName":"private resume ingestion boundary parses a valid synthetic TXT resume without persisting raw content","status":"passed","title":"parses a valid synthetic TXT resume without persisting raw content","duration":3.5045000000000073,"failureMessages":[],"meta":{},"tags":[]},{"ancestorTitles":["private resume ingestion boundary"],"fullName":"private resume ingestion boundary parses a valid synthetic PDF resume without persisting raw content","status":"passed","title":"parses a valid synthetic PDF resume without persisting raw content","duration":51.040100000000166,"failureMessages":[],"meta":{},"tags":[]},{"ancestorTitles":["private resume ingestion boundary"],"fullName":"private resume ingestion boundary parses a valid synthetic DOCX resume without persisting raw content","status":"passed","title":"parses a valid synthetic DOCX resume without persisting raw content","duration":9.513899999999921,"failureMessages":[],"meta":{},"tags":[]},{"ancestorTitles":["private resume ingestion boundary"],"fullName":"private resume ingestion boundary performs no network request during parsing","status":"passed","title":"performs no network request during parsing","duration":0.9760999999998603,"failureMessages":[],"meta":{},"tags":[]},{"ancestorTitles":["private resume ingestion boundary"],"fullName":"private resume ingestion boundary rejects path traversal","status":"passed","title":"rejects path traversal","duration":0.552599999999984,"failureMessages":[],"meta":{},"tags":[]},{"ancestorTitles":["private resume ingestion boundary"],"fullName":"private resume ingestion boundary rejects extension and MIME mismatch","status":"passed","title":"rejects extension and MIME mismatch","duration":0.145799999999781,"failureMessages":[],"meta":{},"tags":[]},{"ancestorTitles":["private resume ingestion boundary"],"fullName":"private resume ingestion boundary rejects unsupported extension","status":"passed","title":"rejects unsupported extension","duration":0.12010000000009313,"failureMessages":[],"meta":{},"tags":[]},{"ancestorTitles":["private resume ingestion boundary"],"fullName":"private resume ingestion boundary rejects unsupported executable","status":"passed","title":"rejects unsupported executable","duration":0.12429999999994834,"failureMessages":[],"meta":{},"tags":[]},{"ancestorTitles":["private resume ingestion boundary"],"fullName":"private resume ingestion boundary rejects binary TXT","status":"passed","title":"rejects binary TXT","duration":0.14669999999978245,"failureMessages":[],"meta":{},"tags":[]},{"ancestorTitles":["private resume ingestion boundary"],"fullName":"private resume ingestion boundary rejects invalid UTF-8","status":"passed","title":"rejects invalid UTF-8","duration":0.1643000000003667,"failureMessages":[],"meta":{},"tags":[]},{"ancestorTitles":["private resume ingestion boundary"],"fullName":"private resume ingestion boundary rejects malformed PDF","status":"passed","title":"rejects malformed PDF","duration":0.12469999999984793,"failureMessages":[],"meta":{},"tags":[]},{"ancestorTitles":["private resume ingestion boundary"],"fullName":"private resume ingestion boundary rejects scanned or no-text PDF","status":"passed","title":"rejects scanned or no-text PDF","duration":1.947700000000168,"failureMessages":[],"meta":{},"tags":[]},{"ancestorTitles":["private resume ingestion boundary"],"fullName":"private resume ingestion boundary rejects malformed DOCX","status":"passed","title":"rejects malformed DOCX","duration":0.2988999999997759,"failureMessages":[],"meta":{},"tags":[]},{"ancestorTitles":["private resume ingestion boundary"],"fullName":"private resume ingestion boundary rejects active DOCX content","status":"passed","title":"rejects active DOCX content","duration":0.4942999999998392,"failureMessages":[],"meta":{},"tags":[]},{"ancestorTitles":["private resume ingestion boundary"],"fullName":"private resume ingestion boundary rejects oversized input before extraction","status":"passed","title":"rejects oversized input before extraction","duration":2.445499999999811,"failureMessages":[],"meta":{},"tags":[]},{"ancestorTitles":["private resume ingestion boundary"],"fullName":"private resume ingestion boundary excludes protected-attribute and prompt-like lines from evidence","status":"passed","title":"excludes protected-attribute and prompt-like lines from evidence","duration":0.4064000000003034,"failureMessages":[],"meta":{},"tags":[]},{"ancestorTitles":["private resume ingestion boundary"],"fullName":"private resume ingestion boundary flags missing role dates for explicit review","status":"passed","title":"flags missing role dates for explicit review","duration":0.288300000000163,"failureMessages":[],"meta":{},"tags":[]}],"startTime":1784366149431,"endTime":1784366149503.4456,"status":"passed","message":"","name":"C:/Users/Jewon/Desktop/JobPilot-BuildWeek-Submission/src/server/private-profile/resume-parser.test.ts"}]}